This file contains any messages produced by compilers while
running configure, to aid debugging if configure makes a mistake.

It was created by streetRating configure 0.0.1, which was
generated by GNU Autoconf 2.69.  Invocation command line was

  $ ./configure 

## --------- ##
## Platform. ##
## --------- ##

hostname = raspberrypi2
uname -m = armv7l
uname -r = 4.1.18
uname -s = Linux
uname -v = #1 SMP Wed Apr 27 04:04:14 CEST 2016

/usr/bin/uname -p = unknown
/bin/uname -X     = unknown

/bin/arch              = unknown
/usr/bin/arch -k       = unknown
/usr/convex/getsysinfo = unknown
/usr/bin/hostinfo      = unknown
/bin/machine           = unknown
/usr/bin/oslevel       = unknown
/bin/universe          = unknown

PATH: /usr/local/sbin
PATH: /usr/local/bin
PATH: /usr/sbin
PATH: /usr/bin
PATH: /sbin
PATH: /bin


## ----------- ##
## Core tests. ##
## ----------- ##

configure:1851: checking for g++
configure:1881: result: no
configure:1851: checking for c++
configure:1867: found /usr/bin/c++
configure:1878: result: c++
configure:1905: checking for C++ compiler version
configure:1914: c++ --version >&5
Raspbian clang version 3.5.0-10+rpi1 (tags/RELEASE_350/final) (based on LLVM 3.5.0)
Target: arm-unknown-linux-gnueabihf
Thread model: posix
configure:1925: $? = 0
configure:1914: c++ -v >&5
Raspbian clang version 3.5.0-10+rpi1 (tags/RELEASE_350/final) (based on LLVM 3.5.0)
Target: arm-unknown-linux-gnueabihf
Thread model: posix
Found candidate GCC installation: /usr/bin/../lib/gcc/arm-linux-gnueabihf/4.6
Found candidate GCC installation: /usr/bin/../lib/gcc/arm-linux-gnueabihf/4.6.4
Found candidate GCC installation: /usr/bin/../lib/gcc/arm-linux-gnueabihf/4.7
Found candidate GCC installation: /usr/bin/../lib/gcc/arm-linux-gnueabihf/4.7.3
Found candidate GCC installation: /usr/bin/../lib/gcc/arm-linux-gnueabihf/4.8
Found candidate GCC installation: /usr/bin/../lib/gcc/arm-linux-gnueabihf/4.8.4
Found candidate GCC installation: /usr/bin/../lib/gcc/arm-linux-gnueabihf/4.9
... rest of stderr output deleted ...
configure:1925: $? = 0
configure:1914: c++ -V >&5
clang: error: argument to '-V' is missing (expected 1 value)
clang: error: no input files
configure:1925: $? = 1
configure:1914: c++ -qversion >&5
clang: error: unknown argument: '-qversion'
clang: error: no input files
configure:1925: $? = 1
configure:1945: checking whether the C++ compiler works
configure:1967: c++    conftest.cpp  >&5
configure:1971: $? = 0
configure:2019: result: yes
configure:2022: checking for C++ compiler default output file name
configure:2024: result: a.out
configure:2030: checking for suffix of executables
configure:2037: c++ -o conftest    conftest.cpp  >&5
configure:2041: $? = 0
configure:2063: result: 
configure:2085: checking whether we are cross compiling
configure:2093: c++ -o conftest    conftest.cpp  >&5
configure:2097: $? = 0
configure:2104: ./conftest
configure:2108: $? = 0
configure:2123: result: no
configure:2128: checking for suffix of object files
configure:2150: c++ -c   conftest.cpp >&5
configure:2154: $? = 0
configure:2175: result: o
configure:2179: checking whether we are using the GNU C++ compiler
configure:2198: c++ -c   conftest.cpp >&5
configure:2198: $? = 0
configure:2207: result: yes
configure:2216: checking whether c++ accepts -g
configure:2236: c++ -c -g  conftest.cpp >&5
configure:2236: $? = 0
configure:2277: result: yes
configure:2354: checking for a BSD-compatible install
configure:2422: result: /usr/bin/install -c
configure:2433: checking whether build environment is sane
configure:2488: result: yes
configure:2639: checking for a thread-safe mkdir -p
configure:2678: result: /bin/mkdir -p
configure:2685: checking for gawk
configure:2715: result: no
configure:2685: checking for mawk
configure:2701: found /usr/bin/mawk
configure:2712: result: mawk
configure:2723: checking whether make sets $(MAKE)
configure:2745: result: yes
configure:2775: checking for style of include used by make
configure:2803: result: GNU
configure:2837: checking whether make supports nested variables
configure:2854: result: yes
configure:2939: checking dependency style of c++
configure:3050: result: gcc3
configure:3219: checking that generated files are newer than configure
configure:3225: result: done
configure:3248: creating ./config.status

## ---------------------- ##
## Running config.status. ##
## ---------------------- ##

This file was extended by streetRating config.status 0.0.1, which was
generated by GNU Autoconf 2.69.  Invocation command line was

  CONFIG_FILES    = 
  CONFIG_HEADERS  = 
  CONFIG_LINKS    = 
  CONFIG_COMMANDS = 
  $ ./config.status 

on raspberrypi2

config.status:840: creating Makefile
config.status:840: creating src/Makefile
config.status:840: creating config.h
config.status:1021: config.h is unchanged
config.status:1069: executing depfiles commands

## ---------------- ##
## Cache variables. ##
## ---------------- ##

ac_cv_cxx_compiler_gnu=yes
ac_cv_env_CCC_set=
ac_cv_env_CCC_value=
ac_cv_env_CPPFLAGS_set=
ac_cv_env_CPPFLAGS_value=
ac_cv_env_CXXFLAGS_set=
ac_cv_env_CXXFLAGS_value=
ac_cv_env_CXX_set=
ac_cv_env_CXX_value=
ac_cv_env_LDFLAGS_set=
ac_cv_env_LDFLAGS_value=
ac_cv_env_LIBS_set=
ac_cv_env_LIBS_value=
ac_cv_env_build_alias_set=
ac_cv_env_build_alias_value=
ac_cv_env_host_alias_set=
ac_cv_env_host_alias_value=
ac_cv_env_target_alias_set=
ac_cv_env_target_alias_value=
ac_cv_objext=o
ac_cv_path_install='/usr/bin/install -c'
ac_cv_path_mkdir=/bin/mkdir
ac_cv_prog_AWK=mawk
ac_cv_prog_ac_ct_CXX=c++
ac_cv_prog_cxx_g=yes
ac_cv_prog_make_make_set=yes
am_cv_CXX_dependencies_compiler_type=gcc3
am_cv_make_support_nested_variables=yes

## ----------------- ##
## Output variables. ##
## ----------------- ##

ACLOCAL='${SHELL} /streetDetect/missing aclocal-1.14'
AMDEPBACKSLASH='\'
AMDEP_FALSE='#'
AMDEP_TRUE=''
AMTAR='$${TAR-tar}'
AM_BACKSLASH='\'
AM_DEFAULT_V='$(AM_DEFAULT_VERBOSITY)'
AM_DEFAULT_VERBOSITY='1'
AM_V='$(V)'
AUTOCONF='${SHELL} /streetDetect/missing autoconf'
AUTOHEADER='${SHELL} /streetDetect/missing autoheader'
AUTOMAKE='${SHELL} /streetDetect/missing automake-1.14'
AWK='mawk'
CPPFLAGS=''
CXX='c++'
CXXDEPMODE='depmode=gcc3'
CXXFLAGS='-g -O2'
CYGPATH_W='echo'
DEFS='-DHAVE_CONFIG_H'
DEPDIR='.deps'
ECHO_C=''
ECHO_N='-n'
ECHO_T=''
EXEEXT=''
INSTALL_DATA='${INSTALL} -m 644'
INSTALL_PROGRAM='${INSTALL}'
INSTALL_SCRIPT='${INSTALL}'
INSTALL_STRIP_PROGRAM='$(install_sh) -c -s'
LDFLAGS=''
LIBOBJS=''
LIBS=''
LTLIBOBJS=''
MAKEINFO='${SHELL} /streetDetect/missing makeinfo'
MKDIR_P='/bin/mkdir -p'
OBJEXT='o'
PACKAGE='streetrating'
PACKAGE_BUGREPORT='infoATnordgedanken.de'
PACKAGE_NAME='streetRating'
PACKAGE_STRING='streetRating 0.0.1'
PACKAGE_TARNAME='streetrating'
PACKAGE_URL=''
PACKAGE_VERSION='0.0.1'
PATH_SEPARATOR=':'
SET_MAKE=''
SHELL='/bin/sh'
STRIP=''
VERSION='0.0.1'
ac_ct_CXX='c++'
am__EXEEXT_FALSE=''
am__EXEEXT_TRUE='#'
am__fastdepCXX_FALSE='#'
am__fastdepCXX_TRUE=''
am__include='include'
am__isrc=''
am__leading_dot='.'
am__nodep='_no'
am__quote=''
am__tar='$${TAR-tar} chof - "$$tardir"'
am__untar='$${TAR-tar} xf -'
bindir='${exec_prefix}/bin'
build_alias=''
datadir='${datarootdir}'
datarootdir='${prefix}/share'
docdir='${datarootdir}/doc/${PACKAGE_TARNAME}'
dvidir='${docdir}'
exec_prefix='${prefix}'
host_alias=''
htmldir='${docdir}'
includedir='${prefix}/include'
infodir='${datarootdir}/info'
install_sh='${SHELL} /streetDetect/install-sh'
libdir='${exec_prefix}/lib'
libexecdir='${exec_prefix}/libexec'
localedir='${datarootdir}/locale'
localstatedir='${prefix}/var'
mandir='${datarootdir}/man'
mkdir_p='$(MKDIR_P)'
oldincludedir='/usr/include'
pdfdir='${docdir}'
prefix='/usr/local'
program_transform_name='s,x,x,'
psdir='${docdir}'
sbindir='${exec_prefix}/sbin'
sharedstatedir='${prefix}/com'
sysconfdir='${prefix}/etc'
target_alias=''

## ----------- ##
## confdefs.h. ##
## ----------- ##

/* confdefs.h */
#define PACKAGE_NAME "streetRating"
#define PACKAGE_TARNAME "streetrating"
#define PACKAGE_VERSION "0.0.1"
#define PACKAGE_STRING "streetRating 0.0.1"
#define PACKAGE_BUGREPORT "infoATnordgedanken.de"
#define PACKAGE_URL ""
#define PACKAGE "streetrating"
#define VERSION "0.0.1"

configure: exit 0
